This file contains any messages produced by compilers while
running configure, to aid debugging if configure makes a mistake.

It was created by netgen configure 5.3.1, which was
generated by GNU Autoconf 2.68.  Invocation command line was

  $ ./configure --with-tcl=/opt/local/lib --with-tk=/opt/local/lib --enable-occ --with-tclinclude=/opt/local/include --enable-shared --enable-nglib CXXFLAGS=-DNGLIB_EXPORTS --includedir=/usr/local/include/opencascade

## --------- ##
## Platform. ##
## --------- ##

hostname = AirdeJeeVerdun3
uname -m = x86_64
uname -r = 15.3.0
uname -s = Darwin
uname -v = Darwin Kernel Version 15.3.0: Thu Dec 10 18:40:58 PST 2015; root:xnu-3248.30.4~1/RELEASE_X86_64

/usr/bin/uname -p = i386
/bin/uname -X     = unknown

/bin/arch              = unknown
/usr/bin/arch -k       = unknown
/usr/convex/getsysinfo = unknown
/usr/bin/hostinfo      = Mach kernel version:
	 Darwin Kernel Version 15.3.0: Thu Dec 10 18:40:58 PST 2015; root:xnu-3248.30.4~1/RELEASE_X86_64
Kernel configured for up to 4 processors.
2 processors are physically available.
4 processors are logically available.
Processor type: x86_64h (Intel x86-64h Haswell)
Processors active: 0 1 2 3
Primary memory available: 16.00 gigabytes
Default processor set: 338 tasks, 1356 threads, 4 processors
Load average: 2.24, Mach factor: 2.01
/bin/machine           = unknown
/usr/bin/oslevel       = unknown
/bin/universe          = unknown

PATH: /opt/local/Library/Frameworks/Python.framework/Versions/2.7/bin/
PATH: /opt/local/bin
PATH: /opt/local/sbin
PATH: /usr/local/mysql/bin/
PATH: /usr/bin
PATH: /bin
PATH: /usr/sbin
PATH: /sbin
PATH: /usr/local/bin
PATH: /opt/X11/bin
PATH: /opt/local/bin
PATH: /opt/local/libexec/qt4/bin


## ----------- ##
## Core tests. ##
## ----------- ##

configure:2440: checking for a BSD-compatible install
configure:2508: result: /usr/bin/install -c
configure:2519: checking whether build environment is sane
configure:2569: result: yes
configure:2710: checking for a thread-safe mkdir -p
configure:2749: result: ./install-sh -c -d
configure:2762: checking for gawk
configure:2792: result: no
configure:2762: checking for mawk
configure:2792: result: no
configure:2762: checking for nawk
configure:2792: result: no
configure:2762: checking for awk
configure:2778: found /usr/bin/awk
configure:2789: result: awk
configure:2800: checking whether make sets $(MAKE)
configure:2822: result: yes
configure:3010: checking for g++
configure:3026: found /usr/bin/g++
configure:3037: result: g++
configure:3064: checking for C++ compiler version
configure:3073: g++ --version >&5
Apple LLVM version 7.3.0 (clang-703.0.29)
Target: x86_64-apple-darwin15.3.0
Thread model: posix
InstalledDir: /Applications/Xcode.app/Contents/Developer/Toolchains/XcodeDefault.xctoolchain/usr/bin
Configured with: --prefix=/Applications/Xcode.app/Contents/Developer/usr --with-gxx-include-dir=/usr/include/c++/4.2.1
configure:3084: $? = 0
configure:3073: g++ -v >&5
Configured with: --prefix=/Applications/Xcode.app/Contents/Developer/usr --with-gxx-include-dir=/usr/include/c++/4.2.1
Apple LLVM version 7.3.0 (clang-703.0.29)
Target: x86_64-apple-darwin15.3.0
Thread model: posix
InstalledDir: /Applications/Xcode.app/Contents/Developer/Toolchains/XcodeDefault.xctoolchain/usr/bin
configure:3084: $? = 0
configure:3073: g++ -V >&5
clang: error: argument to '-V' is missing (expected 1 value)
clang: error: no input files
configure:3084: $? = 1
configure:3073: g++ -qversion >&5
clang: error: unknown argument: '-qversion'
clang: error: no input files
configure:3084: $? = 1
configure:3104: checking whether the C++ compiler works
configure:3126: g++ -DNGLIB_EXPORTS -I/System/Library/Frameworks/OpenGL.framework/Versions/A/Headers/GL/  conftest.cpp  >&5
configure:3130: $? = 0
configure:3178: result: yes
configure:3181: checking for C++ compiler default output file name
configure:3183: result: a.out
configure:3189: checking for suffix of executables
configure:3196: g++ -o conftest -DNGLIB_EXPORTS -I/System/Library/Frameworks/OpenGL.framework/Versions/A/Headers/GL/  conftest.cpp  >&5
configure:3200: $? = 0
configure:3222: result: 
configure:3244: checking whether we are cross compiling
configure:3252: g++ -o conftest -DNGLIB_EXPORTS -I/System/Library/Frameworks/OpenGL.framework/Versions/A/Headers/GL/  conftest.cpp  >&5
configure:3256: $? = 0
configure:3263: ./conftest
configure:3267: $? = 0
configure:3282: result: no
configure:3287: checking for suffix of object files
configure:3309: g++ -c -DNGLIB_EXPORTS -I/System/Library/Frameworks/OpenGL.framework/Versions/A/Headers/GL/ conftest.cpp >&5
configure:3313: $? = 0
configure:3334: result: o
configure:3338: checking whether we are using the GNU C++ compiler
configure:3357: g++ -c -DNGLIB_EXPORTS -I/System/Library/Frameworks/OpenGL.framework/Versions/A/Headers/GL/ conftest.cpp >&5
configure:3357: $? = 0
configure:3366: result: yes
configure:3375: checking whether g++ accepts -g
configure:3395: g++ -c -g -I/System/Library/Frameworks/OpenGL.framework/Versions/A/Headers/GL/ conftest.cpp >&5
configure:3395: $? = 0
configure:3436: result: yes
configure:3470: checking for style of include used by make
configure:3498: result: GNU
configure:3524: checking dependency style of g++
configure:3635: result: gcc3
configure:3660: checking for g++ option to support OpenMP
configure:3675: g++ -o conftest -DNGLIB_EXPORTS -I/System/Library/Frameworks/OpenGL.framework/Versions/A/Headers/GL/  conftest.cpp  >&5
conftest.cpp:13:2: error: unknown type name 'choke'
 choke me
 ^
conftest.cpp:15:10: fatal error: 'omp.h' file not found
#include <omp.h>
         ^
2 errors generated.
configure:3675: $? = 1
configure: failed program was:
| /* confdefs.h */
| #define PACKAGE_NAME "netgen"
| #define PACKAGE_TARNAME "netgen"
| #define PACKAGE_VERSION "5.3.1"
| #define PACKAGE_STRING "netgen 5.3.1"
| #define PACKAGE_BUGREPORT ""
| #define PACKAGE_URL ""
| #define PACKAGE "netgen"
| #define VERSION "5.3.1"
| /* end confdefs.h.  */
| 
| #ifndef _OPENMP
|  choke me
| #endif
| #include <omp.h>
| int main () { return omp_get_num_threads (); }
| 
configure:3692: g++ -o conftest -DNGLIB_EXPORTS -fopenmp -I/System/Library/Frameworks/OpenGL.framework/Versions/A/Headers/GL/  conftest.cpp  >&5
clang: error: unsupported option '-fopenmp'
clang: error: unsupported option '-fopenmp'
configure:3692: $? = 1
configure: failed program was:
| /* confdefs.h */
| #define PACKAGE_NAME "netgen"
| #define PACKAGE_TARNAME "netgen"
| #define PACKAGE_VERSION "5.3.1"
| #define PACKAGE_STRING "netgen 5.3.1"
| #define PACKAGE_BUGREPORT ""
| #define PACKAGE_URL ""
| #define PACKAGE "netgen"
| #define VERSION "5.3.1"
| /* end confdefs.h.  */
| 
| #ifndef _OPENMP
|  choke me
| #endif
| #include <omp.h>
| int main () { return omp_get_num_threads (); }
| 
configure:3692: g++ -o conftest -DNGLIB_EXPORTS -xopenmp -I/System/Library/Frameworks/OpenGL.framework/Versions/A/Headers/GL/  conftest.cpp  >&5
clang: error: language not recognized: 'openmp'
configure:3692: $? = 1
configure: failed program was:
| /* confdefs.h */
| #define PACKAGE_NAME "netgen"
| #define PACKAGE_TARNAME "netgen"
| #define PACKAGE_VERSION "5.3.1"
| #define PACKAGE_STRING "netgen 5.3.1"
| #define PACKAGE_BUGREPORT ""
| #define PACKAGE_URL ""
| #define PACKAGE "netgen"
| #define VERSION "5.3.1"
| /* end confdefs.h.  */
| 
| #ifndef _OPENMP
|  choke me
| #endif
| #include <omp.h>
| int main () { return omp_get_num_threads (); }
| 
configure:3692: g++ -o conftest -DNGLIB_EXPORTS -openmp -I/System/Library/Frameworks/OpenGL.framework/Versions/A/Headers/GL/  conftest.cpp  >&5
conftest.cpp:13:2: error: unknown type name 'choke'
 choke me
 ^
conftest.cpp:15:10: fatal error: 'omp.h' file not found
#include <omp.h>
         ^
2 errors generated.
configure:3692: $? = 1
configure: failed program was:
| /* confdefs.h */
| #define PACKAGE_NAME "netgen"
| #define PACKAGE_TARNAME "netgen"
| #define PACKAGE_VERSION "5.3.1"
| #define PACKAGE_STRING "netgen 5.3.1"
| #define PACKAGE_BUGREPORT ""
| #define PACKAGE_URL ""
| #define PACKAGE "netgen"
| #define VERSION "5.3.1"
| /* end confdefs.h.  */
| 
| #ifndef _OPENMP
|  choke me
| #endif
| #include <omp.h>
| int main () { return omp_get_num_threads (); }
| 
configure:3692: g++ -o conftest -DNGLIB_EXPORTS -mp -I/System/Library/Frameworks/OpenGL.framework/Versions/A/Headers/GL/  conftest.cpp  >&5
clang: error: unknown argument: '-mp'
configure:3692: $? = 1
configure: failed program was:
| /* confdefs.h */
| #define PACKAGE_NAME "netgen"
| #define PACKAGE_TARNAME "netgen"
| #define PACKAGE_VERSION "5.3.1"
| #define PACKAGE_STRING "netgen 5.3.1"
| #define PACKAGE_BUGREPORT ""
| #define PACKAGE_URL ""
| #define PACKAGE "netgen"
| #define VERSION "5.3.1"
| /* end confdefs.h.  */
| 
| #ifndef _OPENMP
|  choke me
| #endif
| #include <omp.h>
| int main () { return omp_get_num_threads (); }
| 
configure:3692: g++ -o conftest -DNGLIB_EXPORTS -omp -I/System/Library/Frameworks/OpenGL.framework/Versions/A/Headers/GL/  conftest.cpp  >&5
conftest.cpp:13:2: error: unknown type name 'choke'
 choke me
 ^
conftest.cpp:15:10: fatal error: 'omp.h' file not found
#include <omp.h>
         ^
2 errors generated.
configure:3692: $? = 1
configure: failed program was:
| /* confdefs.h */
| #define PACKAGE_NAME "netgen"
| #define PACKAGE_TARNAME "netgen"
| #define PACKAGE_VERSION "5.3.1"
| #define PACKAGE_STRING "netgen 5.3.1"
| #define PACKAGE_BUGREPORT ""
| #define PACKAGE_URL ""
| #define PACKAGE "netgen"
| #define VERSION "5.3.1"
| /* end confdefs.h.  */
| 
| #ifndef _OPENMP
|  choke me
| #endif
| #include <omp.h>
| int main () { return omp_get_num_threads (); }
| 
configure:3692: g++ -o conftest -DNGLIB_EXPORTS -qsmp=omp -I/System/Library/Frameworks/OpenGL.framework/Versions/A/Headers/GL/  conftest.cpp  >&5
clang: error: unknown argument: '-qsmp=omp'
configure:3692: $? = 1
configure: failed program was:
| /* confdefs.h */
| #define PACKAGE_NAME "netgen"
| #define PACKAGE_TARNAME "netgen"
| #define PACKAGE_VERSION "5.3.1"
| #define PACKAGE_STRING "netgen 5.3.1"
| #define PACKAGE_BUGREPORT ""
| #define PACKAGE_URL ""
| #define PACKAGE "netgen"
| #define VERSION "5.3.1"
| /* end confdefs.h.  */
| 
| #ifndef _OPENMP
|  choke me
| #endif
| #include <omp.h>
| int main () { return omp_get_num_threads (); }
| 
configure:3706: result: unsupported
configure:3769: checking for ar
configure:3785: found /opt/local/bin/ar
configure:3796: result: ar
configure:3822: checking the archiver (ar) interface
configure:3832: g++ -c -DNGLIB_EXPORTS  -I/System/Library/Frameworks/OpenGL.framework/Versions/A/Headers/GL/ conftest.cpp >&5
configure:3832: $? = 0
configure:3834: ar cru libconftest.a conftest.o >&5
configure:3837: $? = 0
configure:3860: result: ar
configure:3909: checking build system type
configure:3923: result: x86_64-apple-darwin15.3.0
configure:3943: checking host system type
configure:3956: result: x86_64-apple-darwin15.3.0
configure:3997: checking how to print strings
configure:4024: result: printf
configure:4093: checking for gcc
configure:4109: found /usr/bin/gcc
configure:4120: result: gcc
configure:4349: checking for C compiler version
configure:4358: gcc --version >&5
Apple LLVM version 7.3.0 (clang-703.0.29)
Target: x86_64-apple-darwin15.3.0
Thread model: posix
InstalledDir: /Applications/Xcode.app/Contents/Developer/Toolchains/XcodeDefault.xctoolchain/usr/bin
Configured with: --prefix=/Applications/Xcode.app/Contents/Developer/usr --with-gxx-include-dir=/usr/include/c++/4.2.1
configure:4369: $? = 0
configure:4358: gcc -v >&5
Configured with: --prefix=/Applications/Xcode.app/Contents/Developer/usr --with-gxx-include-dir=/usr/include/c++/4.2.1
Apple LLVM version 7.3.0 (clang-703.0.29)
Target: x86_64-apple-darwin15.3.0
Thread model: posix
InstalledDir: /Applications/Xcode.app/Contents/Developer/Toolchains/XcodeDefault.xctoolchain/usr/bin
configure:4369: $? = 0
configure:4358: gcc -V >&5
clang: error: argument to '-V' is missing (expected 1 value)
clang: error: no input files
configure:4369: $? = 1
configure:4358: gcc -qversion >&5
clang: error: unknown argument: '-qversion'
clang: error: no input files
configure:4369: $? = 1
configure:4373: checking whether we are using the GNU C compiler
configure:4392: gcc -c  -I/System/Library/Frameworks/OpenGL.framework/Versions/A/Headers/GL/ conftest.c >&5
configure:4392: $? = 0
configure:4401: result: yes
configure:4410: checking whether gcc accepts -g
configure:4430: gcc -c -g -I/System/Library/Frameworks/OpenGL.framework/Versions/A/Headers/GL/ conftest.c >&5
configure:4430: $? = 0
configure:4471: result: yes
configure:4488: checking for gcc option to accept ISO C89
configure:4552: gcc  -c -g -O2 -I/System/Library/Frameworks/OpenGL.framework/Versions/A/Headers/GL/ conftest.c >&5
configure:4552: $? = 0
configure:4565: result: none needed
configure:4587: checking dependency style of gcc
configure:4698: result: gcc3
configure:4713: checking for a sed that does not truncate output
configure:4777: result: /opt/local/bin/gsed
configure:4795: checking for grep that handles long lines and -e
configure:4853: result: /usr/bin/grep
configure:4858: checking for egrep
configure:4920: result: /usr/bin/grep -E
configure:4925: checking for fgrep
configure:4987: result: /usr/bin/grep -F
configure:5022: checking for ld used by gcc
configure:5089: result: /Applications/Xcode.app/Contents/Developer/Toolchains/XcodeDefault.xctoolchain/usr/bin/ld
configure:5096: checking if the linker (/Applications/Xcode.app/Contents/Developer/Toolchains/XcodeDefault.xctoolchain/usr/bin/ld) is GNU ld
configure:5111: result: no
configure:5123: checking for BSD- or MS-compatible name lister (nm)
configure:5172: result: /usr/bin/nm -B
configure:5302: checking the name lister (/usr/bin/nm -B) interface
configure:5309: g++ -c -DNGLIB_EXPORTS  -I/System/Library/Frameworks/OpenGL.framework/Versions/A/Headers/GL/ conftest.cpp >&5
configure:5312: /usr/bin/nm -B "conftest.o"
configure:5315: output
0000000000000000 S _some_variable
configure:5322: result: BSD nm
configure:5325: checking whether ln -s works
configure:5329: result: yes
configure:5337: checking the maximum length of command line arguments
configure:5467: result: 196608
configure:5484: checking whether the shell understands some XSI constructs
configure:5494: result: yes
configure:5498: checking whether the shell understands "+="
configure:5504: result: yes
configure:5539: checking how to convert x86_64-apple-darwin15.3.0 file names to x86_64-apple-darwin15.3.0 format
configure:5579: result: func_convert_file_noop
configure:5586: checking how to convert x86_64-apple-darwin15.3.0 file names to toolchain format
configure:5606: result: func_convert_file_noop
configure:5613: checking for /Applications/Xcode.app/Contents/Developer/Toolchains/XcodeDefault.xctoolchain/usr/bin/ld option to reload object files
configure:5620: result: -r
configure:5694: checking for objdump
configure:5724: result: no
configure:5753: checking how to recognize dependent libraries
configure:5955: result: pass_all
configure:6040: checking for dlltool
configure:6070: result: no
configure:6100: checking how to associate runtime and link libraries
configure:6127: result: printf %s\n
configure:6251: checking for archiver @FILE support
configure:6268: g++ -c -DNGLIB_EXPORTS  -I/System/Library/Frameworks/OpenGL.framework/Versions/A/Headers/GL/ conftest.cpp >&5
configure:6268: $? = 0
configure:6271: ar cru libconftest.a @conftest.lst >&5
ar: @conftest.lst: No such file or directory
configure:6274: $? = 1
configure:6294: result: no
configure:6352: checking for strip
configure:6368: found /opt/local/bin/strip
configure:6379: result: strip
configure:6451: checking for ranlib
configure:6467: found /opt/local/bin/ranlib
configure:6478: result: ranlib
configure:6580: checking command to parse /usr/bin/nm -B output from gcc object
configure:6700: g++ -c -DNGLIB_EXPORTS  -I/System/Library/Frameworks/OpenGL.framework/Versions/A/Headers/GL/ conftest.cpp >&5
configure:6703: $? = 0
configure:6707: /usr/bin/nm -B conftest.o \| sed -n -e 's/^.*[ ]\([BCDEGRST][BCDEGRST]*\)[ ][ ]*\([_A-Za-z][_A-Za-z0-9]*\)$/\1 \2 \2/p' | sed '/ __gnu_lto/d' \> conftest.nm
configure:6710: $? = 0
cannot find nm_test_var in conftest.nm
configure:6700: g++ -c -DNGLIB_EXPORTS  -I/System/Library/Frameworks/OpenGL.framework/Versions/A/Headers/GL/ conftest.cpp >&5
configure:6703: $? = 0
configure:6707: /usr/bin/nm -B conftest.o \| sed -n -e 's/^.*[ ]\([BCDEGRST][BCDEGRST]*\)[ ][ ]*_\([_A-Za-z][_A-Za-z0-9]*\)$/\1 _\2 \2/p' | sed '/ __gnu_lto/d' \> conftest.nm
configure:6710: $? = 0
configure:6776: g++ -o conftest -DNGLIB_EXPORTS  -I/System/Library/Frameworks/OpenGL.framework/Versions/A/Headers/GL/  conftest.cpp conftstm.o >&5
configure:6779: $? = 0
configure:6817: result: ok
configure:6854: checking for sysroot
configure:6884: result: no
configure:7141: checking for mt
configure:7171: result: no
configure:7191: checking if : is a manifest tool
configure:7197: : '-?'
configure:7205: result: no
configure:7261: checking for dsymutil
configure:7277: found /usr/bin/dsymutil
configure:7288: result: dsymutil
configure:7353: checking for nmedit
configure:7369: found /opt/local/bin/nmedit
configure:7380: result: nmedit
configure:7445: checking for lipo
configure:7461: found /opt/local/bin/lipo
configure:7472: result: lipo
configure:7537: checking for otool
configure:7553: found /opt/local/bin/otool
configure:7564: result: otool
configure:7629: checking for otool64
configure:7659: result: no
configure:7704: checking for -single_module linker flag
gcc -g -O2  -o libconftest.dylib -dynamiclib -Wl,-single_module conftest.c
configure:7737: result: yes
configure:7740: checking for -exported_symbols_list linker flag
configure:7760: g++ -o conftest -DNGLIB_EXPORTS  -I/System/Library/Frameworks/OpenGL.framework/Versions/A/Headers/GL/  -Wl,-exported_symbols_list,conftest.sym conftest.cpp  >&5
configure:7760: $? = 0
configure:7770: result: yes
configure:7773: checking for -force_load linker flag
gcc -g -O2 -c -o conftest.o conftest.c
ar cru libconftest.a conftest.o
ranlib libconftest.a
gcc -g -O2  -o conftest conftest.c -Wl,-force_load,./libconftest.a
configure:7805: result: yes
configure:7847: checking how to run the C preprocessor
configure:7878: gcc -E -I/System/Library/Frameworks/OpenGL.framework/Versions/A/Headers/GL/ conftest.c
configure:7878: $? = 0
configure:7892: gcc -E -I/System/Library/Frameworks/OpenGL.framework/Versions/A/Headers/GL/ conftest.c
conftest.c:11:10: fatal error: 'ac_nonexistent.h' file not found
#include <ac_nonexistent.h>
         ^
1 error generated.
configure:7892: $? = 1
configure: failed program was:
| /* confdefs.h */
| #define PACKAGE_NAME "netgen"
| #define PACKAGE_TARNAME "netgen"
| #define PACKAGE_VERSION "5.3.1"
| #define PACKAGE_STRING "netgen 5.3.1"
| #define PACKAGE_BUGREPORT ""
| #define PACKAGE_URL ""
| #define PACKAGE "netgen"
| #define VERSION "5.3.1"
| /* end confdefs.h.  */
| #include <ac_nonexistent.h>
configure:7917: result: gcc -E
configure:7937: gcc -E -I/System/Library/Frameworks/OpenGL.framework/Versions/A/Headers/GL/ conftest.c
configure:7937: $? = 0
configure:7951: gcc -E -I/System/Library/Frameworks/OpenGL.framework/Versions/A/Headers/GL/ conftest.c
conftest.c:11:10: fatal error: 'ac_nonexistent.h' file not found
#include <ac_nonexistent.h>
         ^
1 error generated.
configure:7951: $? = 1
configure: failed program was:
| /* confdefs.h */
| #define PACKAGE_NAME "netgen"
| #define PACKAGE_TARNAME "netgen"
| #define PACKAGE_VERSION "5.3.1"
| #define PACKAGE_STRING "netgen 5.3.1"
| #define PACKAGE_BUGREPORT ""
| #define PACKAGE_URL ""
| #define PACKAGE "netgen"
| #define VERSION "5.3.1"
| /* end confdefs.h.  */
| #include <ac_nonexistent.h>
configure:7980: checking for ANSI C header files
configure:8000: gcc -c -g -O2 -I/System/Library/Frameworks/OpenGL.framework/Versions/A/Headers/GL/ conftest.c >&5
configure:8000: $? = 0
configure:8073: gcc -o conftest -g -O2 -I/System/Library/Frameworks/OpenGL.framework/Versions/A/Headers/GL/  conftest.c  >&5
configure:8073: $? = 0
configure:8073: ./conftest
configure:8073: $? = 0
configure:8084: result: yes
configure:8097: checking for sys/types.h
configure:8097: gcc -c -g -O2 -I/System/Library/Frameworks/OpenGL.framework/Versions/A/Headers/GL/ conftest.c >&5
configure:8097: $? = 0
configure:8097: result: yes
configure:8097: checking for sys/stat.h
configure:8097: gcc -c -g -O2 -I/System/Library/Frameworks/OpenGL.framework/Versions/A/Headers/GL/ conftest.c >&5
configure:8097: $? = 0
configure:8097: result: yes
configure:8097: checking for stdlib.h
configure:8097: gcc -c -g -O2 -I/System/Library/Frameworks/OpenGL.framework/Versions/A/Headers/GL/ conftest.c >&5
configure:8097: $? = 0
configure:8097: result: yes
configure:8097: checking for string.h
configure:8097: gcc -c -g -O2 -I/System/Library/Frameworks/OpenGL.framework/Versions/A/Headers/GL/ conftest.c >&5
configure:8097: $? = 0
configure:8097: result: yes
configure:8097: checking for memory.h
configure:8097: gcc -c -g -O2 -I/System/Library/Frameworks/OpenGL.framework/Versions/A/Headers/GL/ conftest.c >&5
configure:8097: $? = 0
configure:8097: result: yes
configure:8097: checking for strings.h
configure:8097: gcc -c -g -O2 -I/System/Library/Frameworks/OpenGL.framework/Versions/A/Headers/GL/ conftest.c >&5
configure:8097: $? = 0
configure:8097: result: yes
configure:8097: checking for inttypes.h
configure:8097: gcc -c -g -O2 -I/System/Library/Frameworks/OpenGL.framework/Versions/A/Headers/GL/ conftest.c >&5
configure:8097: $? = 0
configure:8097: result: yes
configure:8097: checking for stdint.h
configure:8097: gcc -c -g -O2 -I/System/Library/Frameworks/OpenGL.framework/Versions/A/Headers/GL/ conftest.c >&5
configure:8097: $? = 0
configure:8097: result: yes
configure:8097: checking for unistd.h
configure:8097: gcc -c -g -O2 -I/System/Library/Frameworks/OpenGL.framework/Versions/A/Headers/GL/ conftest.c >&5
configure:8097: $? = 0
configure:8097: result: yes
configure:8111: checking for dlfcn.h
configure:8111: gcc -c -g -O2 -I/System/Library/Frameworks/OpenGL.framework/Versions/A/Headers/GL/ conftest.c >&5
configure:8111: $? = 0
configure:8111: result: yes
configure:8297: checking for objdir
configure:8312: result: .libs
configure:8583: checking if gcc supports -fno-rtti -fno-exceptions
configure:8601: gcc -c -g -O2 -I/System/Library/Frameworks/OpenGL.framework/Versions/A/Headers/GL/ -fno-rtti -fno-exceptions conftest.c >&5
configure:8605: $? = 0
configure:8618: result: yes
configure:8945: checking for gcc option to produce PIC
configure:8952: result: -fno-common -DPIC
configure:8960: checking if gcc PIC flag -fno-common -DPIC works
configure:8978: gcc -c -g -O2 -I/System/Library/Frameworks/OpenGL.framework/Versions/A/Headers/GL/ -fno-common -DPIC -DPIC conftest.c >&5
configure:8982: $? = 0
configure:8995: result: yes
configure:9024: checking if gcc static flag -static works
configure:9052: result: no
configure:9067: checking if gcc supports -c -o file.o
configure:9088: gcc -c -g -O2 -I/System/Library/Frameworks/OpenGL.framework/Versions/A/Headers/GL/ -o out/conftest2.o conftest.c >&5
configure:9092: $? = 0
configure:9114: result: yes
configure:9122: checking if gcc supports -c -o file.o
configure:9169: result: yes
configure:9202: checking whether the gcc linker (/Applications/Xcode.app/Contents/Developer/Toolchains/XcodeDefault.xctoolchain/usr/bin/ld) supports shared libraries
configure:10359: result: yes
configure:10599: checking dynamic linker characteristics
configure:11344: result: darwin15.3.0 dyld
configure:11451: checking how to hardcode library paths into programs
configure:11476: result: immediate
configure:12016: checking whether stripping libraries is possible
configure:12030: result: yes
configure:12056: checking if libtool supports shared libraries
configure:12058: result: yes
configure:12061: checking whether to build shared libraries
configure:12082: result: yes
configure:12085: checking whether to build static libraries
configure:12089: result: no
configure:12112: checking how to run the C++ preprocessor
configure:12139: g++ -E -I/System/Library/Frameworks/OpenGL.framework/Versions/A/Headers/GL/ conftest.cpp
configure:12139: $? = 0
configure:12153: g++ -E -I/System/Library/Frameworks/OpenGL.framework/Versions/A/Headers/GL/ conftest.cpp
conftest.cpp:23:10: fatal error: 'ac_nonexistent.h' file not found
#include <ac_nonexistent.h>
         ^
1 error generated.
configure:12153: $? = 1
configure: failed program was:
| /* confdefs.h */
| #define PACKAGE_NAME "netgen"
| #define PACKAGE_TARNAME "netgen"
| #define PACKAGE_VERSION "5.3.1"
| #define PACKAGE_STRING "netgen 5.3.1"
| #define PACKAGE_BUGREPORT ""
| #define PACKAGE_URL ""
| #define PACKAGE "netgen"
| #define VERSION "5.3.1"
| #define STDC_HEADERS 1
| #define HAVE_SYS_TYPES_H 1
| #define HAVE_SYS_STAT_H 1
| #define HAVE_STDLIB_H 1
| #define HAVE_STRING_H 1
| #define HAVE_MEMORY_H 1
| #define HAVE_STRINGS_H 1
| #define HAVE_INTTYPES_H 1
| #define HAVE_STDINT_H 1
| #define HAVE_UNISTD_H 1
| #define HAVE_DLFCN_H 1
| #define LT_OBJDIR ".libs/"
| /* end confdefs.h.  */
| #include <ac_nonexistent.h>
configure:12178: result: g++ -E
configure:12198: g++ -E -I/System/Library/Frameworks/OpenGL.framework/Versions/A/Headers/GL/ conftest.cpp
configure:12198: $? = 0
configure:12212: g++ -E -I/System/Library/Frameworks/OpenGL.framework/Versions/A/Headers/GL/ conftest.cpp
conftest.cpp:23:10: fatal error: 'ac_nonexistent.h' file not found
#include <ac_nonexistent.h>
         ^
1 error generated.
configure:12212: $? = 1
configure: failed program was:
| /* confdefs.h */
| #define PACKAGE_NAME "netgen"
| #define PACKAGE_TARNAME "netgen"
| #define PACKAGE_VERSION "5.3.1"
| #define PACKAGE_STRING "netgen 5.3.1"
| #define PACKAGE_BUGREPORT ""
| #define PACKAGE_URL ""
| #define PACKAGE "netgen"
| #define VERSION "5.3.1"
| #define STDC_HEADERS 1
| #define HAVE_SYS_TYPES_H 1
| #define HAVE_SYS_STAT_H 1
| #define HAVE_STDLIB_H 1
| #define HAVE_STRING_H 1
| #define HAVE_MEMORY_H 1
| #define HAVE_STRINGS_H 1
| #define HAVE_INTTYPES_H 1
| #define HAVE_STDINT_H 1
| #define HAVE_UNISTD_H 1
| #define HAVE_DLFCN_H 1
| #define LT_OBJDIR ".libs/"
| /* end confdefs.h.  */
| #include <ac_nonexistent.h>
configure:12381: checking for ld used by g++
configure:12448: result: /Applications/Xcode.app/Contents/Developer/Toolchains/XcodeDefault.xctoolchain/usr/bin/ld
configure:12455: checking if the linker (/Applications/Xcode.app/Contents/Developer/Toolchains/XcodeDefault.xctoolchain/usr/bin/ld) is GNU ld
configure:12470: result: no
configure:12525: checking whether the g++ linker (/Applications/Xcode.app/Contents/Developer/Toolchains/XcodeDefault.xctoolchain/usr/bin/ld) supports shared libraries
configure:13530: result: yes
configure:13566: g++ -c -DNGLIB_EXPORTS  -I/System/Library/Frameworks/OpenGL.framework/Versions/A/Headers/GL/ conftest.cpp >&5
configure:13569: $? = 0
configure:14089: checking for g++ option to produce PIC
configure:14096: result: -fno-common -DPIC
configure:14104: checking if g++ PIC flag -fno-common -DPIC works
configure:14122: g++ -c -DNGLIB_EXPORTS  -I/System/Library/Frameworks/OpenGL.framework/Versions/A/Headers/GL/ -fno-common -DPIC -DPIC conftest.cpp >&5
configure:14126: $? = 0
configure:14139: result: yes
configure:14162: checking if g++ static flag -static works
configure:14190: result: no
configure:14202: checking if g++ supports -c -o file.o
configure:14223: g++ -c -DNGLIB_EXPORTS  -I/System/Library/Frameworks/OpenGL.framework/Versions/A/Headers/GL/ -o out/conftest2.o conftest.cpp >&5
configure:14227: $? = 0
configure:14249: result: yes
configure:14254: checking if g++ supports -c -o file.o
configure:14301: result: yes
configure:14331: checking whether the g++ linker (/Applications/Xcode.app/Contents/Developer/Toolchains/XcodeDefault.xctoolchain/usr/bin/ld) supports shared libraries
configure:14370: result: yes
configure:14511: checking dynamic linker characteristics
configure:15190: result: darwin15.3.0 dyld
configure:15243: checking how to hardcode library paths into programs
configure:15268: result: immediate
configure:15369: checking iostream usability
configure:15369: g++ -c -DNGLIB_EXPORTS  -I/System/Library/Frameworks/OpenGL.framework/Versions/A/Headers/GL/ conftest.cpp >&5
configure:15369: $? = 0
configure:15369: result: yes
configure:15369: checking iostream presence
configure:15369: g++ -E -I/System/Library/Frameworks/OpenGL.framework/Versions/A/Headers/GL/ conftest.cpp
configure:15369: $? = 0
configure:15369: result: yes
configure:15369: checking for iostream
configure:15369: result: yes
configure:15375: checking iostream.h usability
configure:15375: g++ -c -DNGLIB_EXPORTS  -I/System/Library/Frameworks/OpenGL.framework/Versions/A/Headers/GL/ conftest.cpp >&5
conftest.cpp:56:10: fatal error: 'iostream.h' file not found
#include <iostream.h>
         ^
1 error generated.
configure:15375: $? = 1
configure: failed program was:
| /* confdefs.h */
| #define PACKAGE_NAME "netgen"
| #define PACKAGE_TARNAME "netgen"
| #define PACKAGE_VERSION "5.3.1"
| #define PACKAGE_STRING "netgen 5.3.1"
| #define PACKAGE_BUGREPORT ""
| #define PACKAGE_URL ""
| #define PACKAGE "netgen"
| #define VERSION "5.3.1"
| #define STDC_HEADERS 1
| #define HAVE_SYS_TYPES_H 1
| #define HAVE_SYS_STAT_H 1
| #define HAVE_STDLIB_H 1
| #define HAVE_STRING_H 1
| #define HAVE_MEMORY_H 1
| #define HAVE_STRINGS_H 1
| #define HAVE_INTTYPES_H 1
| #define HAVE_STDINT_H 1
| #define HAVE_UNISTD_H 1
| #define HAVE_DLFCN_H 1
| #define LT_OBJDIR ".libs/"
| /* end confdefs.h.  */
| #include <stdio.h>
| #ifdef HAVE_SYS_TYPES_H
| # include <sys/types.h>
| #endif
| #ifdef HAVE_SYS_STAT_H
| # include <sys/stat.h>
| #endif
| #ifdef STDC_HEADERS
| # include <stdlib.h>
| # include <stddef.h>
| #else
| # ifdef HAVE_STDLIB_H
| #  include <stdlib.h>
| # endif
| #endif
| #ifdef HAVE_STRING_H
| # if !defined STDC_HEADERS && defined HAVE_MEMORY_H
| #  include <memory.h>
| # endif
| # include <string.h>
| #endif
| #ifdef HAVE_STRINGS_H
| # include <strings.h>
| #endif
| #ifdef HAVE_INTTYPES_H
| # include <inttypes.h>
| #endif
| #ifdef HAVE_STDINT_H
| # include <stdint.h>
| #endif
| #ifdef HAVE_UNISTD_H
| # include <unistd.h>
| #endif
| #include <iostream.h>
configure:15375: result: no
configure:15375: checking iostream.h presence
configure:15375: g++ -E -I/System/Library/Frameworks/OpenGL.framework/Versions/A/Headers/GL/ conftest.cpp
conftest.cpp:23:10: fatal error: 'iostream.h' file not found
#include <iostream.h>
         ^
1 error generated.
configure:15375: $? = 1
configure: failed program was:
| /* confdefs.h */
| #define PACKAGE_NAME "netgen"
| #define PACKAGE_TARNAME "netgen"
| #define PACKAGE_VERSION "5.3.1"
| #define PACKAGE_STRING "netgen 5.3.1"
| #define PACKAGE_BUGREPORT ""
| #define PACKAGE_URL ""
| #define PACKAGE "netgen"
| #define VERSION "5.3.1"
| #define STDC_HEADERS 1
| #define HAVE_SYS_TYPES_H 1
| #define HAVE_SYS_STAT_H 1
| #define HAVE_STDLIB_H 1
| #define HAVE_STRING_H 1
| #define HAVE_MEMORY_H 1
| #define HAVE_STRINGS_H 1
| #define HAVE_INTTYPES_H 1
| #define HAVE_STDINT_H 1
| #define HAVE_UNISTD_H 1
| #define HAVE_DLFCN_H 1
| #define LT_OBJDIR ".libs/"
| /* end confdefs.h.  */
| #include <iostream.h>
configure:15375: result: no
configure:15375: checking for iostream.h
configure:15375: result: no
configure:15381: checking limits usability
configure:15381: g++ -c -DNGLIB_EXPORTS  -I/System/Library/Frameworks/OpenGL.framework/Versions/A/Headers/GL/ conftest.cpp >&5
configure:15381: $? = 0
configure:15381: result: yes
configure:15381: checking limits presence
configure:15381: g++ -E -I/System/Library/Frameworks/OpenGL.framework/Versions/A/Headers/GL/ conftest.cpp
configure:15381: $? = 0
configure:15381: result: yes
configure:15381: checking for limits
configure:15381: result: yes
configure:15387: checking limits.h usability
configure:15387: g++ -c -DNGLIB_EXPORTS  -I/System/Library/Frameworks/OpenGL.framework/Versions/A/Headers/GL/ conftest.cpp >&5
configure:15387: $? = 0
configure:15387: result: yes
configure:15387: checking limits.h presence
configure:15387: g++ -E -I/System/Library/Frameworks/OpenGL.framework/Versions/A/Headers/GL/ conftest.cpp
configure:15387: $? = 0
configure:15387: result: yes
configure:15387: checking for limits.h
configure:15387: result: yes
configure:15393: checking iomanip usability
configure:15393: g++ -c -DNGLIB_EXPORTS  -I/System/Library/Frameworks/OpenGL.framework/Versions/A/Headers/GL/ conftest.cpp >&5
configure:15393: $? = 0
configure:15393: result: yes
configure:15393: checking iomanip presence
configure:15393: g++ -E -I/System/Library/Frameworks/OpenGL.framework/Versions/A/Headers/GL/ conftest.cpp
configure:15393: $? = 0
configure:15393: result: yes
configure:15393: checking for iomanip
configure:15393: result: yes
configure:15399: checking iomanip.h usability
configure:15399: g++ -c -DNGLIB_EXPORTS  -I/System/Library/Frameworks/OpenGL.framework/Versions/A/Headers/GL/ conftest.cpp >&5
conftest.cpp:56:10: fatal error: 'iomanip.h' file not found
#include <iomanip.h>
         ^
1 error generated.
configure:15399: $? = 1
configure: failed program was:
| /* confdefs.h */
| #define PACKAGE_NAME "netgen"
| #define PACKAGE_TARNAME "netgen"
| #define PACKAGE_VERSION "5.3.1"
| #define PACKAGE_STRING "netgen 5.3.1"
| #define PACKAGE_BUGREPORT ""
| #define PACKAGE_URL ""
| #define PACKAGE "netgen"
| #define VERSION "5.3.1"
| #define STDC_HEADERS 1
| #define HAVE_SYS_TYPES_H 1
| #define HAVE_SYS_STAT_H 1
| #define HAVE_STDLIB_H 1
| #define HAVE_STRING_H 1
| #define HAVE_MEMORY_H 1
| #define HAVE_STRINGS_H 1
| #define HAVE_INTTYPES_H 1
| #define HAVE_STDINT_H 1
| #define HAVE_UNISTD_H 1
| #define HAVE_DLFCN_H 1
| #define LT_OBJDIR ".libs/"
| /* end confdefs.h.  */
| #include <stdio.h>
| #ifdef HAVE_SYS_TYPES_H
| # include <sys/types.h>
| #endif
| #ifdef HAVE_SYS_STAT_H
| # include <sys/stat.h>
| #endif
| #ifdef STDC_HEADERS
| # include <stdlib.h>
| # include <stddef.h>
| #else
| # ifdef HAVE_STDLIB_H
| #  include <stdlib.h>
| # endif
| #endif
| #ifdef HAVE_STRING_H
| # if !defined STDC_HEADERS && defined HAVE_MEMORY_H
| #  include <memory.h>
| # endif
| # include <string.h>
| #endif
| #ifdef HAVE_STRINGS_H
| # include <strings.h>
| #endif
| #ifdef HAVE_INTTYPES_H
| # include <inttypes.h>
| #endif
| #ifdef HAVE_STDINT_H
| # include <stdint.h>
| #endif
| #ifdef HAVE_UNISTD_H
| # include <unistd.h>
| #endif
| #include <iomanip.h>
configure:15399: result: no
configure:15399: checking iomanip.h presence
configure:15399: g++ -E -I/System/Library/Frameworks/OpenGL.framework/Versions/A/Headers/GL/ conftest.cpp
conftest.cpp:23:10: fatal error: 'iomanip.h' file not found
#include <iomanip.h>
         ^
1 error generated.
configure:15399: $? = 1
configure: failed program was:
| /* confdefs.h */
| #define PACKAGE_NAME "netgen"
| #define PACKAGE_TARNAME "netgen"
| #define PACKAGE_VERSION "5.3.1"
| #define PACKAGE_STRING "netgen 5.3.1"
| #define PACKAGE_BUGREPORT ""
| #define PACKAGE_URL ""
| #define PACKAGE "netgen"
| #define VERSION "5.3.1"
| #define STDC_HEADERS 1
| #define HAVE_SYS_TYPES_H 1
| #define HAVE_SYS_STAT_H 1
| #define HAVE_STDLIB_H 1
| #define HAVE_STRING_H 1
| #define HAVE_MEMORY_H 1
| #define HAVE_STRINGS_H 1
| #define HAVE_INTTYPES_H 1
| #define HAVE_STDINT_H 1
| #define HAVE_UNISTD_H 1
| #define HAVE_DLFCN_H 1
| #define LT_OBJDIR ".libs/"
| /* end confdefs.h.  */
| #include <iomanip.h>
configure:15399: result: no
configure:15399: checking for iomanip.h
configure:15399: result: no
configure:15568: checking for correct TEA configuration
configure:15581: result: ok (TEA 3.9)
configure:15657: configuring netgen 5.3.1
configure:15695: checking for Tcl configuration
configure:15818: result: found /opt/local/lib/tclConfig.sh
configure:15824: checking for existence of /opt/local/lib/tclConfig.sh
configure:15828: result: loading
configure:15951: checking for Tk configuration
configure:16074: result: found /opt/local/lib/tkConfig.sh
configure:16080: checking for existence of /opt/local/lib/tkConfig.sh
configure:16084: result: loading
configure:16169: checking for Tcl public headers
configure:16240: result: /opt/local/include
configure:16253: checking for Tk public headers
configure:16327: result: /opt/local/include
configure:16356: checking GL/gl.h usability
configure:16356: g++ -c -DNGLIB_EXPORTS  -I/System/Library/Frameworks/OpenGL.framework/Versions/A/Headers/GL/ conftest.cpp >&5
conftest.cpp:57:10: fatal error: 'GL/gl.h' file not found
#include <GL/gl.h>
         ^
1 error generated.
configure:16356: $? = 1
configure: failed program was:
| /* confdefs.h */
| #define PACKAGE_NAME "netgen"
| #define PACKAGE_TARNAME "netgen"
| #define PACKAGE_VERSION "5.3.1"
| #define PACKAGE_STRING "netgen 5.3.1"
| #define PACKAGE_BUGREPORT ""
| #define PACKAGE_URL ""
| #define PACKAGE "netgen"
| #define VERSION "5.3.1"
| #define STDC_HEADERS 1
| #define HAVE_SYS_TYPES_H 1
| #define HAVE_SYS_STAT_H 1
| #define HAVE_STDLIB_H 1
| #define HAVE_STRING_H 1
| #define HAVE_MEMORY_H 1
| #define HAVE_STRINGS_H 1
| #define HAVE_INTTYPES_H 1
| #define HAVE_STDINT_H 1
| #define HAVE_UNISTD_H 1
| #define HAVE_DLFCN_H 1
| #define LT_OBJDIR ".libs/"
| #define BUILD_netgen /**/
| /* end confdefs.h.  */
| #include <stdio.h>
| #ifdef HAVE_SYS_TYPES_H
| # include <sys/types.h>
| #endif
| #ifdef HAVE_SYS_STAT_H
| # include <sys/stat.h>
| #endif
| #ifdef STDC_HEADERS
| # include <stdlib.h>
| # include <stddef.h>
| #else
| # ifdef HAVE_STDLIB_H
| #  include <stdlib.h>
| # endif
| #endif
| #ifdef HAVE_STRING_H
| # if !defined STDC_HEADERS && defined HAVE_MEMORY_H
| #  include <memory.h>
| # endif
| # include <string.h>
| #endif
| #ifdef HAVE_STRINGS_H
| # include <strings.h>
| #endif
| #ifdef HAVE_INTTYPES_H
| # include <inttypes.h>
| #endif
| #ifdef HAVE_STDINT_H
| # include <stdint.h>
| #endif
| #ifdef HAVE_UNISTD_H
| # include <unistd.h>
| #endif
| #include <GL/gl.h>
configure:16356: result: no
configure:16356: checking GL/gl.h presence
configure:16356: g++ -E -I/System/Library/Frameworks/OpenGL.framework/Versions/A/Headers/GL/ conftest.cpp
conftest.cpp:24:10: fatal error: 'GL/gl.h' file not found
#include <GL/gl.h>
         ^
1 error generated.
configure:16356: $? = 1
configure: failed program was:
| /* confdefs.h */
| #define PACKAGE_NAME "netgen"
| #define PACKAGE_TARNAME "netgen"
| #define PACKAGE_VERSION "5.3.1"
| #define PACKAGE_STRING "netgen 5.3.1"
| #define PACKAGE_BUGREPORT ""
| #define PACKAGE_URL ""
| #define PACKAGE "netgen"
| #define VERSION "5.3.1"
| #define STDC_HEADERS 1
| #define HAVE_SYS_TYPES_H 1
| #define HAVE_SYS_STAT_H 1
| #define HAVE_STDLIB_H 1
| #define HAVE_STRING_H 1
| #define HAVE_MEMORY_H 1
| #define HAVE_STRINGS_H 1
| #define HAVE_INTTYPES_H 1
| #define HAVE_STDINT_H 1
| #define HAVE_UNISTD_H 1
| #define HAVE_DLFCN_H 1
| #define LT_OBJDIR ".libs/"
| #define BUILD_netgen /**/
| /* end confdefs.h.  */
| #include <GL/gl.h>
configure:16356: result: no
configure:16356: checking for GL/gl.h
configure:16356: result: no
configure:16628: creating ./config.status

## ---------------------- ##
## Running config.status. ##
## ---------------------- ##

This file was extended by netgen config.status 5.3.1, which was
generated by GNU Autoconf 2.68.  Invocation command line was

  CONFIG_FILES    = 
  CONFIG_HEADERS  = 
  CONFIG_LINKS    = 
  CONFIG_COMMANDS = 
  $ ./config.status 

on AirdeJeeVerdun3

config.status:1239: creating Makefile
config.status:1239: creating libsrc/Makefile
config.status:1239: creating libsrc/csg/Makefile
config.status:1239: creating libsrc/general/Makefile
config.status:1239: creating libsrc/geom2d/Makefile
config.status:1239: creating libsrc/gprim/Makefile
config.status:1239: creating libsrc/include/Makefile
config.status:1239: creating libsrc/interface/Makefile
config.status:1239: creating libsrc/linalg/Makefile
config.status:1239: creating libsrc/meshing/Makefile
config.status:1239: creating libsrc/occ/Makefile
config.status:1239: creating libsrc/stlgeom/Makefile
config.status:1239: creating libsrc/visualization/Makefile
config.status:1239: creating ng/Makefile
config.status:1239: creating nglib/Makefile
config.status:1239: creating tutorials/Makefile
config.status:1239: creating doc/Makefile
config.status:1239: creating windows/Makefile
config.status:1239: creating config.h
config.status:1420: config.h is unchanged
config.status:1468: executing depfiles commands
config.status:1468: executing libtool commands
configure:19177: result:
------------------------------------------------------------------------
  netgen 5.3.1:  Automatic configuration OK.

  Enabled functionality:

    OCC: ............... true
    JPEGlib: ........... false
    FFMPEG: ............ false
    NGLIB: ............. true
    GUI: ............... true


  Building:

    Type 'make' to compile netgen.

    Type 'make install' to install netgen.

  Example programs will be built but not installed.
------------------------------------------------------------------------


## ---------------- ##
## Cache variables. ##
## ---------------- ##

ac_cv_build=x86_64-apple-darwin15.3.0
ac_cv_c_compiler_gnu=yes
ac_cv_c_tclconfig=/opt/local/lib
ac_cv_c_tclh=/opt/local/include
ac_cv_c_tkconfig=/opt/local/lib
ac_cv_c_tkh=/opt/local/include
ac_cv_cxx_compiler_gnu=yes
ac_cv_env_CCC_set=
ac_cv_env_CCC_value=
ac_cv_env_CC_set=
ac_cv_env_CC_value=
ac_cv_env_CFLAGS_set=
ac_cv_env_CFLAGS_value=
ac_cv_env_CPPFLAGS_set=set
ac_cv_env_CPPFLAGS_value=-I/System/Library/Frameworks/OpenGL.framework/Versions/A/Headers/GL/
ac_cv_env_CPP_set=
ac_cv_env_CPP_value=
ac_cv_env_CXXCPP_set=
ac_cv_env_CXXCPP_value=
ac_cv_env_CXXFLAGS_set=set
ac_cv_env_CXXFLAGS_value=-DNGLIB_EXPORTS
ac_cv_env_CXX_set=
ac_cv_env_CXX_value=
ac_cv_env_LDFLAGS_set=
ac_cv_env_LDFLAGS_value=
ac_cv_env_LIBS_set=
ac_cv_env_LIBS_value=
ac_cv_env_build_alias_set=
ac_cv_env_build_alias_value=
ac_cv_env_host_alias_set=
ac_cv_env_host_alias_value=
ac_cv_env_target_alias_set=
ac_cv_env_target_alias_value=
ac_cv_header_GL_gl_h=no
ac_cv_header_dlfcn_h=yes
ac_cv_header_inttypes_h=yes
ac_cv_header_iomanip=yes
ac_cv_header_iomanip_h=no
ac_cv_header_iostream=yes
ac_cv_header_iostream_h=no
ac_cv_header_limits=yes
ac_cv_header_limits_h=yes
ac_cv_header_memory_h=yes
ac_cv_header_stdc=yes
ac_cv_header_stdint_h=yes
ac_cv_header_stdlib_h=yes
ac_cv_header_string_h=yes
ac_cv_header_strings_h=yes
ac_cv_header_sys_stat_h=yes
ac_cv_header_sys_types_h=yes
ac_cv_header_unistd_h=yes
ac_cv_host=x86_64-apple-darwin15.3.0
ac_cv_objext=o
ac_cv_path_EGREP='/usr/bin/grep -E'
ac_cv_path_FGREP='/usr/bin/grep -F'
ac_cv_path_GREP=/usr/bin/grep
ac_cv_path_SED=/opt/local/bin/gsed
ac_cv_path_install='/usr/bin/install -c'
ac_cv_prog_AWK=awk
ac_cv_prog_CPP='gcc -E'
ac_cv_prog_CXXCPP='g++ -E'
ac_cv_prog_ac_ct_AR=ar
ac_cv_prog_ac_ct_CC=gcc
ac_cv_prog_ac_ct_CXX=g++
ac_cv_prog_ac_ct_DSYMUTIL=dsymutil
ac_cv_prog_ac_ct_LIPO=lipo
ac_cv_prog_ac_ct_NMEDIT=nmedit
ac_cv_prog_ac_ct_OTOOL=otool
ac_cv_prog_ac_ct_RANLIB=ranlib
ac_cv_prog_ac_ct_STRIP=strip
ac_cv_prog_cc_c89=
ac_cv_prog_cc_g=yes
ac_cv_prog_cxx_g=yes
ac_cv_prog_cxx_openmp=unsupported
ac_cv_prog_make_make_set=yes
am_cv_CC_dependencies_compiler_type=gcc3
am_cv_CXX_dependencies_compiler_type=gcc3
am_cv_ar_interface=ar
lt_cv_apple_cc_single_mod=yes
lt_cv_ar_at_file=no
lt_cv_deplibs_check_method=pass_all
lt_cv_file_magic_cmd='$MAGIC_CMD'
lt_cv_file_magic_test_file=
lt_cv_ld_exported_symbols_list=yes
lt_cv_ld_force_load=yes
lt_cv_ld_reload_flag=-r
lt_cv_nm_interface='BSD nm'
lt_cv_objdir=.libs
lt_cv_path_LD=/Applications/Xcode.app/Contents/Developer/Toolchains/XcodeDefault.xctoolchain/usr/bin/ld
lt_cv_path_LDCXX=/Applications/Xcode.app/Contents/Developer/Toolchains/XcodeDefault.xctoolchain/usr/bin/ld
lt_cv_path_NM='/usr/bin/nm -B'
lt_cv_path_mainfest_tool=no
lt_cv_prog_compiler_c_o=yes
lt_cv_prog_compiler_c_o_CXX=yes
lt_cv_prog_compiler_pic='-fno-common -DPIC'
lt_cv_prog_compiler_pic_CXX='-fno-common -DPIC'
lt_cv_prog_compiler_pic_works=yes
lt_cv_prog_compiler_pic_works_CXX=yes
lt_cv_prog_compiler_rtti_exceptions=yes
lt_cv_prog_compiler_static_works=no
lt_cv_prog_compiler_static_works_CXX=no
lt_cv_prog_gnu_ld=no
lt_cv_prog_gnu_ldcxx=no
lt_cv_sharedlib_from_linklib_cmd='printf %s\n'
lt_cv_sys_global_symbol_pipe='sed -n -e '\''s/^.*[	 ]\([BCDEGRST][BCDEGRST]*\)[	 ][	 ]*_\([_A-Za-z][_A-Za-z0-9]*\)$/\1 _\2 \2/p'\'' | sed '\''/ __gnu_lto/d'\'''
lt_cv_sys_global_symbol_to_c_name_address='sed -n -e '\''s/^: \([^ ]*\)[ ]*$/  {\"\1\", (void *) 0},/p'\'' -e '\''s/^[BCDEGRST]* \([^ ]*\) \([^ ]*\)$/  {"\2", (void *) \&\2},/p'\'''
lt_cv_sys_global_symbol_to_c_name_address_lib_prefix='sed -n -e '\''s/^: \([^ ]*\)[ ]*$/  {\"\1\", (void *) 0},/p'\'' -e '\''s/^[BCDEGRST]* \([^ ]*\) \(lib[^ ]*\)$/  {"\2", (void *) \&\2},/p'\'' -e '\''s/^[BCDEGRST]* \([^ ]*\) \([^ ]*\)$/  {"lib\2", (void *) \&\2},/p'\'''
lt_cv_sys_global_symbol_to_cdecl='sed -n -e '\''s/^T .* \(.*\)$/extern int \1();/p'\'' -e '\''s/^[BCDEGRST]* .* \(.*\)$/extern char \1;/p'\'''
lt_cv_sys_max_cmd_len=196608
lt_cv_to_host_file_cmd=func_convert_file_noop
lt_cv_to_tool_file_cmd=func_convert_file_noop

## ----------------- ##
## Output variables. ##
## ----------------- ##

ACLOCAL='${SHELL} /Users/jmverdun/git/netgen/netgen-5.3.1/missing --run aclocal-1.11'
AMDEPBACKSLASH='\'
AMDEP_FALSE='#'
AMDEP_TRUE=''
AMTAR='$${TAR-tar}'
AR='ar'
AUTOCONF='${SHELL} /Users/jmverdun/git/netgen/netgen-5.3.1/missing --run autoconf'
AUTOHEADER='${SHELL} /Users/jmverdun/git/netgen/netgen-5.3.1/missing --run autoheader'
AUTOMAKE='${SHELL} /Users/jmverdun/git/netgen/netgen-5.3.1/missing --run automake-1.11'
AWK='awk'
CC='gcc'
CCDEPMODE='depmode=gcc3'
CFLAGS='-g -O2'
CLEANFILES=''
CPP='gcc -E'
CPPFLAGS='-I/System/Library/Frameworks/OpenGL.framework/Versions/A/Headers/GL/'
CXX='g++'
CXXCPP='g++ -E'
CXXDEPMODE='depmode=gcc3'
CXXFLAGS='-DNGLIB_EXPORTS '
CYGPATH='echo'
CYGPATH_W='echo'
DEFS='-DHAVE_CONFIG_H'
DEPDIR='.deps'
DLLTOOL='false'
DSYMUTIL='dsymutil'
DUMPBIN=''
ECHO_C='\c'
ECHO_N=''
ECHO_T=''
EGREP='/usr/bin/grep -E'
EXEEXT=''
FFMPEG_INCLUDES=''
FFMPEG_LIBS=''
FGREP='/usr/bin/grep -F'
GREP='/usr/bin/grep'
INSTALL_DATA='${INSTALL} -m 644'
INSTALL_PROGRAM='${INSTALL}'
INSTALL_SCRIPT='${INSTALL}'
INSTALL_STRIP_PROGRAM='$(install_sh) -c -s'
JPEGLIB_INCLUDES=''
JPEGLIB_LIBS=''
LD='/Applications/Xcode.app/Contents/Developer/Toolchains/XcodeDefault.xctoolchain/usr/bin/ld'
LDFLAGS=''
LIBGLU='-lGLU'
LIBOBJS=''
LIBS=''
LIBTOOL='$(SHELL) $(top_builddir)/libtool'
LIPO='lipo'
LN_S='ln -s'
LTLIBOBJS=''
MAKEINFO='${SHELL} /Users/jmverdun/git/netgen/netgen-5.3.1/missing --run makeinfo'
MANIFEST_TOOL=':'
MKDIR_P='./install-sh -c -d'
MPI_INCLUDES=''
MPI_LIBS=''
NGGUI_FALSE='#'
NGGUI_TRUE=''
NGLIB_FALSE='#'
NGLIB_TRUE=''
NGMKL_FALSE=''
NGMKL_TRUE='#'
NM='/usr/bin/nm -B'
NMEDIT='nmedit'
OBJDUMP='false'
OBJEXT='o'
OCCFLAGS='-DOCCGEOMETRY -I/opt/OpenCASCADE/inc -I/usr/local/include/opencascade -D_OCC64 -DHAVE_IOSTREAM -DHAVE_LIMITS -DHAVE_LIMITS_H -DHAVE_IOMANIP'
OCCLIBS='-L/opt/OpenCASCADE/lib -lTKernel -lTKGeomBase -lTKMath -lTKG2d -lTKG3d -lTKXSBase -lTKOffset -lTKFillet -lTKShHealing -lTKMesh -lTKMeshVS -lTKTopAlgo -lTKGeomAlgo -lTKBool -lTKPrim -lTKBO -lTKIGES -lTKBRep -lTKSTEPBase -lTKSTEP -lTKSTL -lTKSTEPAttr -lTKSTEP209 -lTKXDESTEP -lTKXDEIGES -lTKXCAF -lTKLCAF -lFWOSPlugin'
OPENMP_CXXFLAGS=''
OTOOL64=':'
OTOOL='otool'
PACKAGE='netgen'
PACKAGE_BUGREPORT=''
PACKAGE_NAME='netgen'
PACKAGE_STRING='netgen 5.3.1'
PACKAGE_TARNAME='netgen'
PACKAGE_URL=''
PACKAGE_VERSION='5.3.1'
PATH_SEPARATOR=':'
PKG_CFLAGS=''
PKG_HEADERS=''
PKG_INCLUDES=''
PKG_LIBS=' -lGL -lXmu -lX11'
PKG_LIB_FILE=''
PKG_STUB_LIB_FILE=''
PKG_STUB_OBJECTS=''
PKG_STUB_SOURCES=''
PKG_TCL_SOURCES=''
RANLIB='ranlib'
SED='/opt/local/bin/gsed'
SET_MAKE=''
SHELL='/bin/sh'
STRIP='strip'
TCL_BIN_DIR='/opt/local/lib'
TCL_DEFS='-DPACKAGE_NAME=\"tcl\" -DPACKAGE_TARNAME=\"tcl\" -DPACKAGE_VERSION=\"8.6\" -DPACKAGE_STRING=\"tcl\ 8.6\" -DPACKAGE_BUGREPORT=\"\" -DSTDC_HEADERS=1 -DHAVE_SYS_TYPES_H=1 -DHAVE_SYS_STAT_H=1 -DHAVE_STDLIB_H=1 -DHAVE_STRING_H=1 -DHAVE_MEMORY_H=1 -DHAVE_STRINGS_H=1 -DHAVE_INTTYPES_H=1 -DHAVE_STDINT_H=1 -DHAVE_UNISTD_H=1 -DNO_VALUES_H=1 -DHAVE_LIMITS_H=1 -DHAVE_SYS_PARAM_H=1 -DUSE_THREAD_ALLOC=1 -D_REENTRANT=1 -D_THREAD_SAFE=1 -DHAVE_PTHREAD_ATTR_SETSTACKSIZE=1 -DHAVE_PTHREAD_ATFORK=1 -DTCL_THREADS=1 -DTCL_CFGVAL_ENCODING=\"iso8859-1\" -DHAVE_ZLIB=1 -DMODULE_SCOPE=extern\ __attribute__\(\(__visibility__\(\"hidden\"\)\)\) -DHAVE_HIDDEN=1 -DMAC_OSX_TCL=1 -DHAVE_COREFOUNDATION=1 -DHAVE_CAST_TO_UNION=1 -DTCL_SHLIB_EXT=\".dylib\" -DNDEBUG=1 -DTCL_CFG_OPTIMIZED=1 -DTCL_TOMMATH=1 -DMP_PREC=4 -DTCL_WIDE_INT_TYPE=long\ long -DHAVE_STRUCT_STAT64=1 -DHAVE_GETCWD=1 -DHAVE_MKSTEMP=1 -DHAVE_OPENDIR=1 -DHAVE_STRTOL=1 -DHAVE_WAITPID=1 -DHAVE_GETNAMEINFO=1 -DHAVE_GETADDRINFO=1 -DHAVE_FREEADDRINFO=1 -DHAVE_GAI_STRERROR=1 -DHAVE_STRUCT_ADDRINFO=1 -DHAVE_STRUCT_IN6_ADDR=1 -DHAVE_STRUCT_SOCKADDR_IN6=1 -DHAVE_STRUCT_SOCKADDR_STORAGE=1 -DHAVE_GETPWUID_R_5=1 -DHAVE_GETPWUID_R=1 -DHAVE_GETPWNAM_R_5=1 -DHAVE_GETPWNAM_R=1 -DHAVE_GETGRGID_R_5=1 -DHAVE_GETGRGID_R=1 -DHAVE_GETGRNAM_R_5=1 -DHAVE_GETGRNAM_R=1 -DHAVE_MTSAFE_GETHOSTBYNAME=1 -DHAVE_MTSAFE_GETHOSTBYADDR=1 -DHAVE_TERMIOS_H=1 -DHAVE_SYS_IOCTL_H=1 -DHAVE_SYS_TIME_H=1 -DTIME_WITH_SYS_TIME=1 -DHAVE_GMTIME_R=1 -DHAVE_LOCALTIME_R=1 -DHAVE_MKTIME=1 -DHAVE_TM_GMTOFF=1 -DHAVE_TIMEZONE_VAR=1 -DHAVE_STRUCT_STAT_ST_BLOCKS=1 -DHAVE_STRUCT_STAT_ST_BLKSIZE=1 -DHAVE_BLKCNT_T=1 -DHAVE_INTPTR_T=1 -DHAVE_UINTPTR_T=1 -DHAVE_SIGNED_CHAR=1 -DHAVE_LANGINFO=1 -DHAVE_CHFLAGS=1 -DHAVE_MKSTEMPS=1 -DHAVE_GETATTRLIST=1 -DHAVE_COPYFILE_H=1 -DHAVE_COPYFILE=1 -DHAVE_LIBKERN_OSATOMIC_H=1 -DHAVE_OSSPINLOCKLOCK=1 -DUSE_VFORK=1 -DTCL_DEFAULT_ENCODING=\"utf-8\" -DTCL_LOAD_FROM_MEMORY=1 -DTCL_WIDE_CLICKS=1 -DHAVE_AVAILABILITYMACROS_H=1 -DHAVE_WEAK_IMPORT=1 -D_DARWIN_C_SOURCE=1 -DHAVE_FTS=1 -DHAVE_SYS_IOCTL_H=1 -DHAVE_SYS_FILIO_H=1 -DTCL_UNLOAD_DLLS=1 -DHAVE_CPUID=1 '
TCL_EXTRA_CFLAGS='-pipe -Os  -pipe   '
TCL_INCLUDES='-I"/opt/local/include"'
TCL_LD_FLAGS='-Wl,-headerpad_max_install_names  -headerpad_max_install_names -Wl,-search_paths_first '
TCL_LIBS=' -lz  -lpthread -framework CoreFoundation '
TCL_LIB_FILE='libtcl8.6.dylib'
TCL_LIB_FLAG='-ltcl8.6'
TCL_LIB_SPEC='-L/opt/local/lib -ltcl8.6'
TCL_PATCH_LEVEL='.4'
TCL_SHLIB_LD_LIBS='${LIBS}'
TCL_SRC_DIR='/opt/local/var/macports/build/_opt_mports_dports_lang_tcl/tcl/work/tcl8.6.4'
TCL_STUB_LIB_FILE='libtclstub8.6.a'
TCL_STUB_LIB_FLAG='-ltclstub8.6'
TCL_STUB_LIB_SPEC='-L/opt/local/lib -ltclstub8.6'
TCL_VERSION='8.6'
TK_BIN_DIR='/opt/local/lib'
TK_INCLUDES='-I"/opt/local/include"'
TK_LIBS='-lX11 -Wl,-weak-lXss -lXext -L/opt/local/lib -lXft  -lfontconfig  -lpthread -framework CoreFoundation  -lz  -lpthread -framework CoreFoundation '
TK_LIB_FILE='libtk8.6.dylib'
TK_LIB_FLAG='-ltk8.6'
TK_LIB_SPEC='-L/opt/local/lib -ltk8.6'
TK_SRC_DIR='/opt/local/var/macports/build/_opt_mports_dports_x11_tk/tk/work/tk8.6.4'
TK_STUB_LIB_FILE='libtkstub8.6.a'
TK_STUB_LIB_FLAG='-ltkstub8.6'
TK_STUB_LIB_SPEC='-L/opt/local/lib -ltkstub8.6'
TK_VERSION='8.6'
TK_XINCLUDES=''
TOGLLIBDIR=''
TOGL_WINDOWINGSYSTEM='TOGL_X11'
VERSION='5.3.1'
ac_ct_AR='ar'
ac_ct_CC='gcc'
ac_ct_CXX='g++'
ac_ct_DUMPBIN=''
am__EXEEXT_FALSE=''
am__EXEEXT_TRUE='#'
am__fastdepCC_FALSE='#'
am__fastdepCC_TRUE=''
am__fastdepCXX_FALSE='#'
am__fastdepCXX_TRUE=''
am__include='include'
am__isrc=''
am__leading_dot='.'
am__nodep='_no'
am__quote=''
am__tar='$${TAR-tar} chof - "$$tardir"'
am__untar='$${TAR-tar} xf -'
bindir='${exec_prefix}/bin'
build='x86_64-apple-darwin15.3.0'
build_alias=''
build_cpu='x86_64'
build_os='darwin15.3.0'
build_vendor='apple'
datadir='${datarootdir}'
datarootdir='${prefix}/share'
docdir='${datarootdir}/doc/${PACKAGE_TARNAME}'
dvidir='${docdir}'
exec_prefix='${prefix}'
host='x86_64-apple-darwin15.3.0'
host_alias=''
host_cpu='x86_64'
host_os='darwin15.3.0'
host_vendor='apple'
htmldir='${docdir}'
includedir='/usr/local/include/opencascade'
infodir='${datarootdir}/info'
install_sh='${SHELL} /Users/jmverdun/git/netgen/netgen-5.3.1/install-sh'
libdir='${exec_prefix}/lib'
libexecdir='${exec_prefix}/libexec'
localedir='${datarootdir}/locale'
localstatedir='${prefix}/var'
mandir='${datarootdir}/man'
mkdir_p='$(top_builddir)/./install-sh -c -d'
oldincludedir='/usr/include'
pdfdir='${docdir}'
prefix='/opt/netgen'
program_transform_name='s,x,x,'
psdir='${docdir}'
sbindir='${exec_prefix}/sbin'
sharedstatedir='${prefix}/com'
sysconfdir='${prefix}/etc'
target_alias=''

## ----------- ##
## confdefs.h. ##
## ----------- ##

/* confdefs.h */
#define PACKAGE_NAME "netgen"
#define PACKAGE_TARNAME "netgen"
#define PACKAGE_VERSION "5.3.1"
#define PACKAGE_STRING "netgen 5.3.1"
#define PACKAGE_BUGREPORT ""
#define PACKAGE_URL ""
#define PACKAGE "netgen"
#define VERSION "5.3.1"
#define STDC_HEADERS 1
#define HAVE_SYS_TYPES_H 1
#define HAVE_SYS_STAT_H 1
#define HAVE_STDLIB_H 1
#define HAVE_STRING_H 1
#define HAVE_MEMORY_H 1
#define HAVE_STRINGS_H 1
#define HAVE_INTTYPES_H 1
#define HAVE_STDINT_H 1
#define HAVE_UNISTD_H 1
#define HAVE_DLFCN_H 1
#define LT_OBJDIR ".libs/"
#define BUILD_netgen /**/

configure: exit 0
